<?xml version="1.0" encoding="UTF-8"?>
<!-- Generated by org.testng.reporters.JUnitXMLReporter -->
<testsuite ignored="0" hostname="DESKTOP-38D239J" failures="0" tests="4" name="Default test" time="0.041" errors="0" timestamp="2022-03-29T08:40:18 IST">
  <testcase classname="testNG.pack1.Sample3" name="display" time="0.006"/>
  <testcase classname="testNG.pack1.Sample3" name="runSample" time="0.001"/>
  <testcase classname="testNG.pack1.Sample3" name="runSample" time="0.001"/>
  <testcase classname="testNG.pack1.Sample3" name="runSample" time="0.001"/>
</testsuite> <!-- Default test -->
