<?xml version="1.0" encoding="UTF-8"?>
<!-- Generated by org.testng.reporters.JUnitXMLReporter -->
<testsuite ignored="0" hostname="DESKTOP-38D239J" failures="0" tests="4" name="TestFolder1" time="0.058" errors="0" timestamp="2022-03-29T15:43:41 IST">
  <testcase classname="testNG.pack1.Sample2" name="display" time="0.012"/>
  <testcase classname="testNG.pack1.Sample2" name="display1" time="0.001"/>
  <testcase classname="testNG.pack2.Sample" name="display" time="0.002"/>
  <testcase classname="testNG.pack2.Sample" name="display1" time="0.002"/>
</testsuite> <!-- TestFolder1 -->
