<?xml version="1.0" encoding="UTF-8"?>
<!-- Generated by org.testng.reporters.JUnitXMLReporter -->
<testsuite ignored="0" hostname="DESKTOP-38D239J" failures="0" tests="4" name="Test" time="0.053" errors="0" timestamp="2022-03-28T13:27:39 IST">
  <testcase classname="testNG.Sample" name="display" time="0.008"/>
  <testcase classname="testNG.Sample" name="display1" time="0.002"/>
  <testcase classname="testNG.Sample2" name="display" time="0.001"/>
  <testcase classname="testNG.Sample2" name="display1" time="0.001"/>
</testsuite> <!-- Test -->
