<?xml version="1.0" encoding="UTF-8"?>
<!-- Generated by org.testng.reporters.JUnitXMLReporter -->
<testsuite ignored="3" hostname="DESKTOP-38D239J" failures="0" tests="3" name="TestFolder2" time="0.007" errors="0" timestamp="2022-03-28T20:38:36 IST">
  <testcase classname="testNG.Sample4" name="display4" time="0.001"/>
  <testcase classname="testNG.Sample4" name="display5" time="0.003"/>
  <testcase classname="testNG.Sample4" name="display6" time="0.001"/>
  <testcase classname="testNG.Sample4" name="done4" time="0.0">
    <ignored/>
  </testcase> <!-- done4 -->
  <testcase classname="testNG.Sample4" name="done5" time="0.0">
    <ignored/>
  </testcase> <!-- done5 -->
  <testcase classname="testNG.Sample4" name="done6" time="0.0">
    <ignored/>
  </testcase> <!-- done6 -->
</testsuite> <!-- TestFolder2 -->
